<?xml version="1.0" encoding="UTF-8"?>
<testsuite xmlns:xsi="http://www.w3.org/2001/XMLSchema-instance" xsi:noNamespaceSchemaLocation="https://maven.apache.org/surefire/maven-surefire-plugin/xsd/surefire-test-report-3.0.xsd" version="3.0" name="TestSuite" time="11.944" tests="1" errors="0" skipped="0" failures="0">
  <properties>
[...]
</properties>
  <testcase name="travelInsuranceFirstTimeTest" classname="com.harel.TravelPolicyTest" time="7.758">
    <system-err><![CDATA[אוק׳ 03, 2025 4:19:36 אחה״צ org.openqa.selenium.devtools.CdpVersionFinder findNearestMatch
WARNING: Unable to find CDP implementation matching 141
אוק׳ 03, 2025 4:19:36 אחה״צ org.openqa.selenium.chromium.ChromiumDriver lambda$new$5
WARNING: Unable to find version of CDP to use for 141.0.7390.55. You may need to include a dependency on a specific version of the CDP using something similar to `org.seleniumhq.selenium:selenium-devtools-v86:4.23.0` where the version ("v86") matches the version of the chromium-based browser you're using and the version number of the artifact is the same as Selenium's.
[main] INFO com.harel.utils.ElementUtils -  לחיצה בוצעה בהצלחה על האלמנט By.cssSelector: div.jss11 > button
[main] INFO com.harel.utils.ElementUtils -  לחיצה בוצעה בהצלחה על האלמנט By.xpath: //div[@class='jss174 jss176']//div[text()='אסיה']
[main] INFO com.harel.utils.ElementUtils -  לחיצה בוצעה בהצלחה על האלמנט By.cssSelector: [data-hrl-bo='wizard-next-button']
[main] INFO com.harel.utils.ElementUtils -  לחיצה בוצעה בהצלחה על האלמנט By.cssSelector: button[data-hrl-bo='2025-10-03']
[main] INFO com.harel.utils.ElementUtils - תאריך החזרה נבחר בהצלחה: 2025-11-01
[main] INFO com.harel.utils.ElementUtils - Element found: By.cssSelector: [data-hrl-bo='total-days'] | Text: סה"כ: 30 ימים
[main] INFO com.harel.utils.ElementUtils -  לחיצה בוצעה בהצלחה על האלמנט By.id: nextButton
]]></system-err>
  </testcase>
</testsuite>