<?xml version="1.0" encoding="UTF-8"?>
<testng-results ignored="0" total="1" passed="1" failed="0" skipped="0">
  <reporter-output>
  </reporter-output>
  <suite started-at="2025-10-03T16:19:36 IDT" name="SingleTestSuite" finished-at="2025-10-03T16:19:47 IDT" duration-ms="11627">
    <groups>
    </groups>
    <test started-at="2025-10-03T16:19:36 IDT" name="SingleTest" finished-at="2025-10-03T16:19:47 IDT" duration-ms="11627">
      <class name="com.harel.TravelPolicyTest">
        <test-method is-config="true" signature="setUp()[pri:0, instance:com.harel.TravelPolicyTest@61df66b6]" started-at="2025-10-03T16:19:36 IDT" name="setUp" finished-at="2025-10-03T16:19:39 IDT" duration-ms="3672" status="PASS">
          <reporter-output>
          </reporter-output>
        </test-method> <!-- setUp -->
        <test-method signature="travelInsuranceFirstTimeTest()[pri:0, instance:com.harel.TravelPolicyTest@61df66b6]" started-at="2025-10-03T16:19:39 IDT" name="travelInsuranceFirstTimeTest" finished-at="2025-10-03T16:19:47 IDT" duration-ms="7758" status="PASS">
          <reporter-output>
          </reporter-output>
        </test-method> <!-- travelInsuranceFirstTimeTest -->
        <test-method is-config="true" signature="tearDown()[pri:0, instance:com.harel.TravelPolicyTest@61df66b6]" started-at="2025-10-03T16:19:47 IDT" name="tearDown" finished-at="2025-10-03T16:19:47 IDT" duration-ms="195" status="PASS">
          <reporter-output>
          </reporter-output>
        </test-method> <!-- tearDown -->
      </class> <!-- com.harel.TravelPolicyTest -->
    </test> <!-- SingleTest -->
  </suite> <!-- SingleTestSuite -->
</testng-results>
